163:/opt/homebrew/share/lua/5.4/busted/block.lua
0 0 0 0 0 0 0 0 0 0 0 0 0 0 0 7 7 0 7 2023 0 2023 2030 0 7 119 119 2142 2023 1904 0 119 126 0 0 0 0 0 0 7 0 7 476 0 476 357 357 0 0 0 0 476 63 0 476 476 413 0 0 63 63 0 0 0 0 63 0 63 0 63 7 0 7 539 0 539 357 357 0 0 0 0 539 0 539 539 0 0 0 0 539 539 7 0 7 602 602 0 602 602 0 0 0 0 602 0 602 357 0 0 0 602 7 0 7 119 7 0 7 63 63 63 0 70 0 7 63 7 0 7 63 7 0 7 56 0 56 56 56 0 0 0 0 56 0 56 56 0 56 0 0 0 0 56 56 0 0 56 56 0 63 0 7 
65:/opt/homebrew/share/lua/5.4/busted/compatibility.lua
0 0 119 119 119 0 0 196 196 196 0 119 0 0 0 7 7 7 0 0 7 7 7 0 7 7 7 0 0 7 0 0 0 0 0 0 5 0 5 5 0 5 0 0 0 0 0 0 0 0 0 0 0 0 0 0 0 0 0 0 0 0 0 0 5 
130:/opt/homebrew/share/lua/5.4/busted/context.lua
0 0 0 7 266 259 7 7 7 7 7 7 0 0 0 7 266 259 7 266 0 259 0 0 7 567 560 7 7 0 0 0 0 0 0 0 0 0 0 0 0 0 0 0 0 0 0 0 0 0 0 0 0 0 0 0 0 0 0 0 0 0 0 0 175 175 7 168 0 168 0 0 175 175 0 0 175 175 0 0 175 7 0 175 0 0 2809 0 0 0 0 0 0 0 0 0 0 0 0 0 0 0 0 0 175 175 175 175 0 0 70 0 0 0 12124 0 0 0 714 714 714 714 714 0 0 714 714 714 714 714 
317:/opt/homebrew/share/lua/5.4/busted/core.lua
0 0 0 0 0 0 0 0 0 0 8 0 0 0 0 0 0 0 0 0 0 0 0 0 0 0 33 33 4 29 0 0 29 0 0 0 37 0 0 0 7 0 0 0 0 0 0 0 0 0 0 0 0 0 0 0 0 0 0 0 0 0 0 0 0 0 0 0 0 201 201 0 201 201 213 205 12 12 0 0 201 201 0 201 201 0 0 0 33 33 33 33 0 33 33 0 0 0 0 0 33 0 0 0 579 0 0 0 238 0 0 0 0 0 0 0 234 0 485 485 7 7 7 7 7 7 0 0 478 227 227 227 227 227 0 0 251 0 0 0 0 0 0 4 4 4 4 4 4 0 0 0 0 0 0 0 0 0 0 0 0 0 0 0 0 0 7 0 7 0 7 0 0 714 714 714 0 1428 33 33 33 1461 0 714 33 0 0 0 33 0 0 0 0 0 0 0 0 0 0 0 33 0 714 0 714 714 0 0 0 364 364 364 182 182 182 182 182 182 0 728 364 728 364 0 0 0 0 0 0 0 0 0 0 0 0 0 0 0 0 0 0 0 0 0 0 0 0 0 0 0 0 0 0 0 0 0 0 0 175 0 0 175 0 0 0 175 0 175 175 168 0 0 0 175 350 0 175 175 0 0 0 0 0 0 175 175 175 175 175 175 175 175 175 175 175 175 0 0 175 0 175 63 0 112 0 175 0 0 0 63 238 175 175 350 175 63 63 
31:/opt/homebrew/share/lua/5.4/busted/environment.lua
0 0 0 0 0 0 0 11370 0 11357 9051 11357 0 0 0 0 0 0 0 0 2319 0 0 0 0 0 0 0 0 0 7 
72:/opt/homebrew/share/lua/5.4/busted/execute.lua
7 7 7 0 0 0 0 0 0 0 0 0 7 0 0 7 0 0 7 7 0 0 0 0 0 0 0 0 0 0 0 0 0 0 0 0 0 0 7 0 14 7 0 0 0 0 0 7 0 7 0 0 0 0 7 7 7 7 0 7 7 0 7 0 7 0 0 0 14 0 7 7 
129:/opt/homebrew/share/lua/5.4/busted/init.lua
0 0 0 0 7 7 7 0 7 7 0 0 49 49 49 0 49 49 0 0 119 119 0 119 0 0 0 0 119 0 119 119 119 0 119 0 119 119 119 119 119 0 0 0 0 0 0 119 0 0 119 119 0 0 0 0 0 0 0 0 0 0 0 0 0 0 0 0 0 0 0 0 0 0 0 0 0 0 0 0 0 0 0 0 0 0 0 0 0 0 0 0 0 0 0 0 0 0 0 0 0 0 0 0 0 0 0 0 0 0 0 0 0 0 0 0 0 0 0 0 0 0 0 0 0 0 0 0 476 
50:/opt/homebrew/share/lua/5.4/busted/languages/en.lua
7 0 7 0 0 7 7 7 7 0 7 7 7 7 0 7 7 7 7 0 7 7 7 7 0 7 0 7 7 0 0 7 7 7 7 7 7 7 7 7 0 7 7 7 7 7 7 0 7 7 
4:/opt/homebrew/share/lua/5.4/busted/luajit.lua
7 0 7 14 
23:/opt/homebrew/share/lua/5.4/busted/modules/files/lua.lua
7 0 7 0 0 201 201 201 7 0 0 7 7 0 0 7 7 0 0 7 7 0 7 
107:/opt/homebrew/share/lua/5.4/busted/modules/files/moonscript.lua
7 0 14 7 7 0 7 0 0 0 0 0 0 0 0 0 0 7 0 0 0 0 0 0 0 0 0 0 0 0 7 0 0 0 0 0 7 0 0 0 0 0 0 0 0 0 0 0 0 0 0 0 0 0 0 0 0 0 0 0 0 0 0 0 0 0 7 0 7 0 0 0 0 0 0 0 0 0 0 0 7 0 0 0 0 0 0 0 0 0 0 0 7 0 0 0 7 0 0 0 0 0 0 0 7 0 7 
156:/opt/homebrew/share/lua/5.4/busted/modules/filter_loader.lua
0 0 0 119 119 0 357 357 238 238 0 0 119 7 0 0 0 0 7 0 0 168 0 0 0 168 168 7 0 0 119 119 0 0 0 119 119 7 0 0 168 0 0 0 168 168 7 0 7 7 0 0 0 0 0 0 0 0 0 0 0 0 7 0 0 168 0 0 0 168 168 7 0 0 119 0 0 0 119 119 7 0 0 0 0 0 0 0 0 0 0 0 7 0 0 0 7 0 7 0 0 0 0 0 0 7 0 0 0 7 0 0 70 126 91 35 0 77 0 0 0 0 0 0 0 0 7 0 7 0 0 0 0 0 0 0 0 0 0 0 0 0 0 7 7 7 7 0 0 7 7 7 7 7 7 7 
34:/opt/homebrew/share/lua/5.4/busted/modules/output_handler_loader.lua
0 0 0 0 0 0 7 0 7 14 7 0 7 0 0 7 0 14 0 7 0 0 0 7 0 0 0 0 7 0 0 0 7 7 
101:/opt/homebrew/share/lua/5.4/busted/modules/test_file_loader.lua
7 0 0 7 7 7 7 0 21 14 14 7 0 0 14 0 14 0 14 14 14 0 28 14 14 0 0 0 14 21 14 7 0 7 7 28 0 28 7 0 0 7 0 28 0 0 0 0 0 14 14 7 0 0 7 21 14 7 7 7 0 0 0 7 7 7 0 0 7 0 0 7 0 14 7 0 7 14 7 7 7 7 0 0 7 0 7 0 7 0 0 0 0 0 0 0 7 7 0 7 7 
181:/opt/homebrew/share/lua/5.4/busted/outputHandlers/base.lua
7 7 0 0 7 7 7 7 7 7 7 7 7 7 7 0 0 0 357 7 0 0 7 7 0 7 0 0 0 7 7 7 7 7 7 7 7 7 7 14 0 0 119 119 0 357 357 0 238 238 0 0 119 7 0 0 0 119 1329 1210 972 0 119 119 119 0 119 119 119 119 119 119 119 0 119 0 119 7 0 0 7 0 0 0 7 7 0 0 7 7 7 7 0 0 0 0 0 0 0 0 0 0 0 0 0 7 0 0 7 7 7 7 0 0 119 119 7 0 0 119 0 119 86 86 33 0 0 33 0 4 4 29 0 29 0 0 86 0 86 86 86 0 86 0 86 0 0 86 0 86 7 0 0 0 0 0 0 7 0 0 4 4 7 0 0 29 29 29 7 0 0 33 0 0 0 0 33 7 0 7 7 
224:/opt/homebrew/share/lua/5.4/busted/outputHandlers/utfTerminal.lua
7 7 7 7 7 7 7 7 7 7 7 7 0 7 0 0 7 7 7 7 0 7 7 7 0 7 7 0 0 0 0 0 7 0 0 0 7 0 0 0 0 7 0 0 0 0 7 7 0 0 0 7 7 7 7 0 0 0 0 0 0 0 0 0 0 0 0 0 0 0 0 0 7 0 0 33 33 33 0 0 0 0 0 0 33 7 0 0 0 33 33 29 0 0 33 0 0 0 0 33 33 33 66 66 0 0 33 33 0 0 33 7 0 0 7 7 7 7 0 7 7 7 7 7 0 7 1 6 0 0 0 7 3 4 4 0 0 7 7 0 0 0 0 7 2 5 0 0 0 7 0 7 7 7 7 7 7 0 0 119 119 0 119 0 119 4 115 29 0 0 119 119 0 0 119 7 0 0 7 7 7 0 7 7 0 0 7 7 0 7 0 0 7 0 11 4 4 7 0 36 29 29 7 0 7 7 0 0 0 0 0 0 7 0 7 7 7 7 7 7 7 0 7 7 
221:/opt/homebrew/share/lua/5.4/busted/runner.lua
0 0 0 0 0 0 0 0 0 0 0 0 0 0 0 0 0 0 0 0 0 0 0 0 0 0 0 0 0 0 0 0 0 0 0 0 0 0 0 0 0 0 0 0 0 0 0 0 0 0 0 0 0 0 0 0 0 0 0 7 0 0 0 0 0 0 7 0 0 0 0 7 0 0 0 0 0 7 7 0 0 7 7 0 0 0 7 7 0 7 0 0 0 7 7 7 0 14 0 0 7 0 14 0 0 7 0 14 29 29 29 7 0 14 4 4 0 0 0 4 4 7 0 0 7 7 7 0 0 14 7 7 7 7 7 7 7 0 0 0 7 0 0 7 0 0 0 0 0 0 0 0 0 0 0 0 0 0 0 0 0 0 0 0 0 0 0 7 0 7 0 0 0 0 0 0 0 0 0 14 7 7 7 7 7 7 7 7 7 0 0 7 0 7 7 7 14 7 7 7 7 0 0 0 0 0 0 7 7 14 7 7 7 0 0 7 0 7 5 0 2 
41:/opt/homebrew/share/lua/5.4/busted/status.lua
0 952 952 952 952 952 952 952 952 0 952 0 0 0 833 833 1253 833 833 833 0 0 0 833 0 0 0 833 0 0 0 119 119 119 0 952 0 0 1666 833 1071 
35:/opt/homebrew/share/lua/5.4/busted/utils.lua
0 0 0 7 7 35 28 28 0 0 7 0 0 0 0 0 0 0 0 0 0 0 0 0 0 0 7 7 7 7 7 35 28 7 7 
32:/opt/homebrew/share/lua/5.4/cliargs.lua
0 0 7 7 0 7 0 7 7 7 0 0 7 0 7 7 0 0 0 7 602 595 98 0 7 0 7 14 0 7 0 7 
556:/opt/homebrew/share/lua/5.4/cliargs/core.lua
0 0 0 0 0 0 0 0 0 0 0 0 0 0 0 0 0 14 14 0 0 0 0 0 0 0 0 0 0 0 0 0 0 7 7 7 0 7 7 0 14 0 0 0 0 0 0 14 0 0 0 14 14 0 14 0 0 0 0 14 0 0 0 14 0 0 0 0 14 14 14 14 14 14 14 14 14 14 0 0 14 21 0 0 0 0 0 0 0 0 0 0 0 0 0 0 0 0 0 0 0 0 0 0 0 0 0 0 0 0 0 0 0 0 0 0 7 0 0 0 0 0 0 0 0 7 7 0 7 7 0 0 7 0 0 0 7 0 0 0 0 0 0 0 0 0 0 0 0 0 7 0 7 0 7 0 0 0 0 0 0 0 0 0 0 0 0 0 7 0 0 0 0 0 0 0 0 0 0 0 0 0 0 0 0 0 7 0 0 0 0 0 0 0 0 0 7 0 0 0 0 0 0 0 0 0 0 0 0 0 0 0 0 0 0 0 7 0 0 0 0 0 0 0 0 0 0 0 7 0 0 0 0 0 0 0 0 0 0 0 0 0 0 0 0 0 0 0 0 0 0 0 0 0 0 0 0 0 0 0 0 0 0 0 0 7 0 0 0 0 0 0 0 0 0 0 0 0 0 0 0 0 0 0 0 0 7 0 0 0 0 0 0 0 0 0 0 0 0 0 0 0 0 0 0 0 0 0 0 0 0 0 0 0 0 0 0 0 0 0 0 0 0 0 0 0 0 0 0 0 0 0 0 0 0 0 7 0 0 0 0 0 0 0 0 0 0 0 0 0 0 0 0 0 0 0 0 0 0 0 0 0 0 0 0 0 0 0 0 0 0 0 0 0 0 7 0 0 0 0 0 0 0 0 0 0 0 0 0 0 0 0 0 0 0 0 0 0 0 0 0 0 0 0 0 0 0 0 0 7 0 0 0 0 0 0 0 0 0 0 0 0 0 0 0 0 0 0 0 0 0 7 0 0 0 0 0 0 0 0 0 0 0 0 0 0 0 0 0 0 0 0 0 0 0 0 0 0 0 0 0 0 0 0 0 0 0 0 0 0 7 14 0 0 0 0 28 0 14 0 14 0 14 0 0 0 14 0 14 7 0 0 0 0 0 0 0 0 0 0 0 0 0 0 0 0 7 0 0 0 0 0 0 0 0 7 0 0 0 0 0 0 0 0 0 0 0 0 0 0 0 7 7 7 0 0 0 0 0 7 0 7 0 7 0 7 0 0 0 0 0 7 0 7 0 7 
315:/opt/homebrew/share/lua/5.4/cliargs/parser.lua
0 0 0 0 0 0 0 0 0 0 0 0 0 0 0 0 0 0 0 0 0 0 0 0 0 0 0 7 0 7 0 0 0 0 0 0 0 0 0 0 0 0 0 0 0 0 0 0 0 0 0 0 0 0 0 0 0 0 0 0 0 0 0 7 0 7 0 0 0 0 35 28 0 0 7 0 7 0 0 0 0 7 0 0 7 0 0 0 0 7 7 7 7 0 0 0 0 7 0 7 0 7 0 0 0 0 0 0 0 0 0 0 0 0 0 0 0 0 0 0 0 0 0 0 0 0 0 0 0 0 0 0 0 0 0 0 0 0 0 0 0 0 0 0 0 0 0 0 0 0 0 0 0 0 0 0 0 0 0 0 0 0 0 0 0 0 0 0 0 0 0 0 0 0 0 0 0 0 0 0 0 0 0 0 0 0 0 0 0 0 0 0 0 0 0 0 0 0 0 0 0 0 0 0 0 0 0 0 0 0 0 0 7 0 0 0 7 7 0 7 7 0 0 7 0 0 0 0 0 0 0 0 0 0 0 0 0 0 7 0 0 0 7 0 14 14 0 14 0 0 0 14 0 14 14 0 0 0 7 0 0 14 14 21 0 21 14 14 0 14 14 0 0 14 0 14 0 14 0 14 0 0 0 0 14 7 0 7 0 0 0 0 14 7 7 0 0 7 0 0 14 14 14 14 14 7 0 0 7 0 7 7 7 7 7 
261:/opt/homebrew/share/lua/5.4/cliargs/printer.lua
0 0 0 0 0 0 0 7 0 7 0 7 0 0 0 0 0 0 0 0 0 0 0 0 0 0 0 0 0 0 0 0 0 0 0 0 0 0 0 0 7 0 0 7 0 0 0 0 0 0 0 0 0 0 0 0 0 0 0 0 0 0 0 0 0 0 0 0 0 0 0 0 0 0 0 0 0 0 0 0 7 0 7 0 0 0 0 0 0 0 0 0 0 0 0 0 0 0 0 0 0 0 0 0 0 0 0 0 0 0 0 0 0 0 0 0 0 0 0 0 0 0 0 0 0 0 0 0 0 0 0 0 0 0 0 0 0 0 0 0 0 0 0 0 0 0 0 0 0 0 0 0 0 0 0 0 0 0 0 0 0 0 0 7 0 7 0 0 0 0 0 0 0 0 0 0 0 0 0 0 0 0 0 0 0 0 0 0 0 0 0 0 0 0 0 0 0 0 0 0 0 0 0 0 0 0 0 0 0 0 0 0 0 0 0 0 0 0 0 0 0 0 0 0 0 0 0 0 0 0 0 0 0 0 0 0 0 0 0 0 0 0 0 0 0 0 0 0 0 7 0 7 0 0 0 0 0 0 7 0 7 
66:/opt/homebrew/share/lua/5.4/cliargs/utils/disect.lua
0 0 0 0 0 0 0 0 0 0 0 0 0 0 0 0 0 0 0 0 0 0 0 0 0 14 0 0 0 0 0 0 14 14 0 0 0 0 0 0 0 14 14 0 0 0 0 14 14 0 0 0 14 0 0 14 0 0 14 14 0 14 0 0 0 14 
10:/opt/homebrew/share/lua/5.4/cliargs/utils/filter.lua
0 28 0 84 56 0 0 28 0 28 
22:/opt/homebrew/share/lua/5.4/cliargs/utils/lookup.lua
0 0 0 14 0 28 21 7 0 0 0 7 0 0 0 7 0 0 14 14 0 14 
21:/opt/homebrew/share/lua/5.4/cliargs/utils/split.lua
0 14 14 14 14 0 28 14 14 0 0 14 14 0 0 14 0 0 0 0 14 
94:/opt/homebrew/share/lua/5.4/luarocks/core/dir.lua
0 0 0 0 0 0 0 0 0 2184 2184 2184 0 0 2184 0 0 0 0 0 0 0 0 0 0 0 0 504 504 0 0 1512 1008 504 504 0 0 0 0 0 0 0 0 1176 0 1176 1176 1176 1176 1176 0 1176 0 0 0 0 0 0 0 0 0 1176 1176 1176 1176 1176 0 0 1176 7224 6048 0 0 0 0 0 0 6048 6048 0 1176 1176 0 1176 0 0 1176 0 1176 0 0 1176 0 1176 
83:/opt/homebrew/share/lua/5.4/luarocks/core/manif.lua
0 0 0 0 0 0 0 0 0 0 0 0 0 0 0 0 0 0 0 0 0 0 0 0 0 0 0 0 0 0 0 0 336 336 0 0 0 0 0 0 0 0 0 0 168 168 168 0 0 0 0 0 0 0 0 0 0 0 336 0 336 336 168 0 0 168 168 0 0 0 168 336 336 336 168 0 504 168 0 0 0 77 77 
154:/opt/homebrew/share/lua/5.4/luarocks/core/path.lua
0 0 0 0 0 0 0 0 0 0 0 0 336 0 0 336 0 0 336 336 0 0 0 0 0 0 0 0 0 0 0 0 0 0 0 0 0 0 0 0 0 0 0 0 0 0 77 0 77 77 1320 1243 1243 1243 0 77 0 77 99 99 99 77 77 0 77 0 77 0 0 77 0 77 0 0 0 0 0 0 0 0 0 0 0 0 0 0 0 0 0 0 0 0 0 0 0 0 0 0 0 0 0 0 0 0 0 0 0 0 0 0 0 0 0 0 0 0 0 0 0 672 0 0 672 672 0 0 0 0 0 0 0 0 0 0 0 168 168 168 0 0 168 168 0 0 504 336 168 0 336 336 0 168 0 168 
75:/opt/homebrew/share/lua/5.4/luarocks/core/persist.lua
0 0 0 0 0 0 0 0 0 0 0 0 0 168 168 168 0 0 0 0 0 0 0 0 0 0 0 0 0 0 0 0 0 0 0 0 0 0 0 0 0 0 0 0 0 0 0 0 0 0 0 0 0 0 0 0 168 168 0 168 168 168 0 0 168 0 168 168 0 168 0 168 0 168 168 
255:/opt/homebrew/share/lua/5.4/luarocks/loader.lua
0 0 0 0 0 0 0 0 0 0 0 0 0 0 0 0 0 0 0 0 0 0 0 0 0 0 0 0 0 0 0 0 0 0 0 0 0 0 0 0 0 0 0 0 0 0 0 0 0 0 0 0 0 0 0 0 0 0 0 0 0 0 0 0 77 0 0 0 0 0 0 77 77 0 0 0 77 0 0 0 0 0 0 0 0 0 0 0 0 0 0 0 0 0 0 0 0 0 0 0 0 231 231 154 154 77 0 0 0 0 0 0 0 77 77 77 77 0 0 77 77 77 0 0 0 0 0 0 0 0 0 0 0 0 0 0 0 0 0 0 0 0 0 0 91 91 0 0 0 91 91 105 91 91 77 77 77 0 0 14 14 14 0 0 0 0 0 0 14 0 14 0 0 0 0 14 0 0 0 0 0 0 0 0 0 0 182 77 0 0 77 91 0 0 0 0 0 0 0 0 0 0 0 0 0 0 0 0 0 0 0 0 0 0 0 0 0 0 0 0 0 0 0 0 0 0 0 0 0 0 0 0 0 0 0 0 0 0 0 0 0 0 0 0 0 0 0 0 0 91 91 14 0 77 77 
175:/opt/homebrew/share/lua/5.4/luassert/assert.lua
0 0 0 0 0 0 0 0 0 0 0 4 0 4 0 0 4 4 0 0 4 0 0 0 0 0 216 0 216 0 576 360 216 0 216 576 360 144 0 216 0 216 216 0 216 4 4 0 0 4 4 0 0 212 14 0 198 0 0 0 0 0 0 0 0 0 0 0 0 0 0 0 630 396 234 0 234 0 0 0 0 234 0 0 0 0 0 0 0 0 0 0 0 0 0 0 0 0 0 0 0 0 0 0 0 0 0 0 0 0 0 0 0 0 0 0 0 0 0 4 4 12 8 0 0 0 0 0 0 4 0 0 0 7 7 0 0 0 0 0 0 0 0 0 0 0 0 0 0 0 0 0 0 0 0 0 0 0 0 0 0 0 0 0 0 0 90 0 0 0 90 0 0 0 234 
273:/opt/homebrew/share/lua/5.4/luassert/assertions.lua
0 0 0 0 0 0 0 0 0 0 0 0 0 0 0 0 0 0 216 0 0 216 0 0 0 0 0 0 0 0 0 0 0 0 0 0 0 0 0 0 0 0 0 0 0 0 0 0 0 0 0 0 0 0 0 0 0 0 0 0 0 0 0 0 0 0 0 0 0 0 0 0 0 0 0 0 0 0 0 0 0 0 0 0 0 0 0 0 0 0 0 0 0 0 0 0 0 0 0 0 0 0 0 0 0 0 0 0 0 0 0 0 60 60 60 60 0 60 60 60 0 0 0 12 12 12 12 12 0 12 12 12 12 12 12 0 0 0 0 0 0 0 0 0 0 0 0 0 0 0 0 0 0 0 0 0 0 18 18 18 18 18 18 18 18 0 14 0 18 18 18 18 18 18 18 18 0 18 18 0 0 0 0 0 0 0 0 0 0 0 0 0 0 0 0 0 0 0 0 0 0 0 0 0 0 0 0 0 0 0 0 0 0 0 0 0 0 0 0 0 0 0 0 0 0 0 0 0 0 0 0 0 0 0 0 0 0 0 0 0 0 0 0 0 0 0 0 0 0 0 0 0 0 0 0 0 0 0 0 0 0 0 0 0 76 76 76 0 0 0 50 50 50 
5:/opt/homebrew/share/lua/5.4/luassert/modifiers.lua
0 0 0 0 144 
105:/opt/homebrew/share/lua/5.4/luassert/state.lua
0 0 0 0 0 0 0 0 0 0 0 0 0 0 0 0 0 0 0 0 0 0 0 0 0 0 0 0 0 0 0 0 0 0 0 0 0 0 0 0 0 0 0 0 0 0 0 0 0 0 0 0 0 0 0 0 0 0 0 0 0 0 0 0 0 0 0 0 0 0 0 0 0 0 0 0 0 0 0 0 0 0 0 0 0 0 0 0 0 0 0 0 0 0 0 0 0 0 0 0 0 0 7 7 7 
353:/opt/homebrew/share/lua/5.4/luassert/util.lua
0 0 0 0 0 14 0 0 0 0 0 0 48 48 0 48 12 12 0 12 0 0 0 12 0 0 0 12 12 12 12 12 0 0 0 12 0 0 0 12 12 0 48 36 36 0 0 0 36 36 0 0 0 0 12 48 0 0 36 12 0 12 12 0 12 0 0 0 18 18 18 54 36 18 18 0 0 0 0 0 0 0 0 0 0 0 0 0 0 0 0 0 0 0 0 0 0 0 0 0 0 0 0 0 0 0 0 0 0 0 0 0 0 0 0 0 0 0 0 0 0 0 0 0 0 0 0 0 0 0 0 0 0 0 0 0 0 0 0 0 0 0 0 0 0 0 0 0 0 0 0 0 0 0 0 0 0 0 0 0 0 0 0 0 0 0 0 0 0 0 0 0 0 0 0 0 0 0 0 0 0 0 0 0 0 0 0 0 0 0 0 0 0 0 0 0 0 0 0 0 0 0 0 0 0 0 0 0 0 0 0 0 0 198 198 198 198 198 198 0 0 0 0 198 198 0 198 0 0 0 0 0 270 72 0 0 198 198 0 0 0 0 0 0 0 0 0 72 72 0 72 0 0 0 0 0 72 0 144 72 0 0 72 72 72 0 0 0 0 0 0 0 0 0 18 0 0 0 0 0 0 0 0 0 4 0 0 0 0 0 0 0 0 220 220 220 220 440 220 220 220 0 220 220 0 0 0 0 0 0 0 0 216 0 0 216 216 216 576 360 360 0 0 360 360 0 0 0 0 0 0 360 360 360 0 360 0 0 0 216 0 0 0 216 0 0 0 0 0 0 216 216 216 
154:/opt/homebrew/share/lua/5.4/mediator.lua
0 238 0 0 0 238 238 238 238 0 0 0 0 0 238 0 238 238 0 0 0 0 0 175 175 175 175 175 175 0 0 238 238 0 238 0 238 161 161 0 126 0 0 238 0 238 175 0 0 0 0 0 0 0 0 0 0 0 0 175 0 0 0 0 0 0 0 0 175 0 0 175 175 175 0 0 0 175 0 0 1592 175 0 0 0 0 0 0 0 0 0 0 0 175 0 0 2606 1401 0 0 1401 0 1401 0 1401 1401 0 0 0 1205 801 0 404 0 175 175 0 0 0 0 0 0 0 0 0 0 0 0 0 0 0 817 0 2409 1592 0 0 817 0 0 0 238 0 0 0 0 0 0 0 0 0 0 0 579 
565:/opt/homebrew/share/lua/5.4/pl/List.lua
0 0 0 0 0 0 0 0 0 0 0 0 0 0 0 0 0 0 0 0 7 7 7 7 7 7 7 0 7 7 0 0 7 7 0 7 0 7 0 0 0 0 0 0 0 0 7 0 0 0 7 0 7 0 7 0 7 0 0 0 0 0 0 7 0 0 0 0 0 0 0 0 0 0 0 0 7 0 0 0 0 7 0 0 0 7 0 0 0 0 7 0 0 7 0 7 0 0 0 0 0 7 0 0 0 7 0 0 0 0 0 0 7 0 0 0 7 0 0 0 0 7 0 7 0 0 0 0 0 7 0 0 0 7 0 0 0 0 0 0 0 7 0 0 0 0 7 0 0 0 0 0 0 7 0 0 0 7 0 7 0 0 0 0 0 0 0 0 7 7 0 0 0 0 7 0 7 0 0 0 0 7 0 0 0 0 0 7 0 0 0 0 7 0 0 0 7 0 0 0 0 7 0 7 0 0 0 7 0 0 0 0 0 0 0 7 0 0 0 0 7 0 0 0 0 0 0 0 7 0 0 0 0 0 0 0 0 7 0 7 0 0 0 7 0 0 7 0 7 0 0 0 0 0 0 0 0 0 0 0 7 0 0 0 0 0 0 0 0 0 0 0 0 0 0 0 7 0 0 7 0 7 0 0 0 0 0 0 0 0 7 0 7 0 0 0 0 0 0 0 7 0 0 0 0 0 0 0 0 7 0 0 0 0 0 0 7 0 0 0 0 0 0 7 0 0 0 0 0 7 0 0 0 0 7 0 0 0 0 0 7 0 0 0 0 0 7 0 0 0 0 0 7 0 0 0 7 0 0 0 0 0 0 7 0 0 0 0 0 0 0 7 0 0 0 0 7 0 7 0 0 0 0 7 0 0 0 0 7 0 0 0 0 0 7 0 0 0 0 7 0 0 0 0 0 7 0 0 0 0 0 7 0 7 0 0 0 0 0 0 7 0 0 7 0 0 0 0 0 0 0 0 7 0 7 0 0 0 0 0 0 7 0 0 7 0 0 0 0 0 0 0 0 7 0 7 0 0 0 0 0 0 0 7 0 0 0 0 0 0 0 7 0 0 0 0 0 7 0 7 0 0 0 0 0 0 0 0 0 0 0 7 0 7 0 0 0 0 0 7 0 7 0 0 0 0 0 0 0 0 7 0 0 0 0 0 0 0 0 0 0 7 0 0 7 0 7 0 0 0 0 0 0 0 7 0 0 0 0 0 0 0 0 0 0 0 0 0 0 0 0 0 0 0 0 0 0 0 0 0 0 7 7 0 7 
218:/opt/homebrew/share/lua/5.4/pl/class.lua
0 0 0 0 0 0 0 0 0 0 0 0 0 0 0 0 0 0 0 0 0 0 0 0 0 0 0 0 0 0 0 0 0 0 0 0 0 0 0 0 0 0 0 0 0 0 0 0 0 0 0 0 0 0 0 0 0 0 0 0 0 0 0 0 0 0 0 0 0 0 0 0 0 0 0 0 0 0 0 0 0 0 0 0 0 0 0 0 0 0 0 0 0 0 0 0 0 0 0 0 0 0 0 0 0 0 0 0 0 0 0 0 0 0 0 0 0 0 0 0 0 0 0 0 0 0 0 0 0 0 7 0 7 7 0 0 0 7 0 0 7 0 0 0 0 0 0 7 0 0 0 7 7 7 7 7 0 0 7 0 0 0 0 0 0 0 0 0 0 0 0 0 0 0 0 0 0 0 0 0 0 0 7 0 0 0 0 0 0 0 0 7 7 7 7 7 0 7 7 0 0 7 0 0 0 0 0 0 0 0 0 0 0 0 0 0 0 7 
527:/opt/homebrew/share/lua/5.4/pl/dir.lua
0 0 0 0 0 0 0 7 7 7 7 7 7 7 7 7 7 7 0 7 7 0 7 0 0 14 7 0 0 14 21 0 0 14 14 7 0 0 0 0 0 0 0 0 0 0 7 0 0 0 7 0 0 0 0 0 0 7 0 0 0 0 0 0 0 0 7 0 0 0 0 0 0 0 0 0 0 0 0 0 0 7 0 0 0 0 0 0 7 0 0 0 0 0 0 0 0 0 0 0 7 0 0 0 0 0 7 0 0 0 7 0 7 0 0 0 0 0 0 0 0 0 0 0 0 0 0 7 0 0 0 0 0 0 0 0 0 0 0 0 0 0 0 0 0 0 0 0 0 0 0 0 0 0 0 0 0 0 0 0 0 0 0 0 0 0 0 0 0 0 0 0 0 0 0 0 0 0 0 0 0 0 0 0 0 7 0 0 0 7 0 0 0 0 0 0 0 0 0 0 0 0 0 0 0 0 0 0 0 0 0 0 0 0 0 0 0 0 0 0 0 0 0 0 0 0 0 0 0 0 0 7 0 0 0 0 0 0 0 7 0 0 0 0 7 0 0 0 0 0 0 7 0 0 0 7 0 0 0 0 0 0 0 0 0 0 0 0 0 0 0 0 7 0 0 0 0 0 0 0 0 0 0 0 0 0 0 0 7 0 0 0 0 0 0 0 0 0 0 0 0 0 0 0 0 0 0 0 0 0 0 0 0 0 0 0 0 0 7 0 0 0 0 0 0 0 7 0 0 0 0 0 0 0 0 0 0 0 0 0 0 0 0 0 0 0 0 0 0 0 0 7 0 0 0 7 7 0 0 7 0 0 7 7 0 0 0 0 0 0 0 0 0 0 0 0 0 0 7 0 0 0 0 0 0 7 0 0 0 0 0 14 0 0 0 0 0 0 0 0 0 0 0 0 0 0 7 0 0 0 0 0 0 0 0 0 0 0 0 0 0 0 0 0 0 0 0 0 0 0 0 0 0 0 0 0 0 0 0 0 0 0 0 0 0 0 0 0 7 0 0 0 0 0 0 0 98 98 14 0 0 84 84 84 21 21 0 0 63 21 21 21 21 7 0 21 0 0 0 42 7 0 0 0 0 0 0 7 14 0 14 14 0 0 0 14 0 14 7 0 0 0 0 0 0 0 0 7 14 14 14 0 14 14 35 21 14 14 14 0 0 14 0 14 7 0 7 
397:/opt/homebrew/share/lua/5.4/pl/path.lua
0 0 0 0 0 0 0 0 0 0 0 0 0 0 0 0 0 0 0 0 0 0 0 0 0 0 0 0 0 0 0 0 0 0 0 0 0 0 0 0 0 0 0 0 0 0 0 0 0 0 0 0 0 0 0 0 0 0 0 0 0 0 0 0 0 0 0 0 0 0 0 0 0 0 0 0 0 0 0 0 0 0 0 0 0 0 0 0 0 0 0 0 0 0 0 0 0 0 0 0 0 0 0 0 0 0 0 0 0 0 0 0 0 0 0 0 0 0 0 0 0 0 49 49 0 0 0 0 0 14 14 0 0 0 0 0 0 0 0 0 0 0 0 0 0 0 0 0 0 0 0 0 0 0 0 21 21 0 0 0 0 0 0 0 0 0 0 0 0 0 0 0 0 0 0 0 0 0 0 0 0 0 5264 0 0 0 0 0 0 0 0 0 0 0 0 0 0 0 0 0 0 0 0 0 0 0 0 0 0 0 0 0 0 0 0 0 0 0 0 0 0 0 0 0 0 0 0 0 0 0 0 420 420 420 5236 4816 4816 0 420 0 0 420 0 0 0 0 0 0 0 0 0 0 0 0 0 0 0 0 0 0 0 0 0 0 0 0 0 0 0 0 0 0 0 0 0 0 0 7 7 7 28 21 0 0 21 21 0 7 0 0 7 0 0 0 0 0 0 0 0 0 0 0 406 406 406 0 0 0 0 0 0 0 0 0 0 14 14 14 0 0 0 0 0 0 0 0 0 0 7 7 7 0 0 0 0 0 0 0 0 0 0 0 0 0 0 0 0 0 0 0 0 0 0 0 0 0 0 0 0 0 0 0 0 0 0 0 0 0 0 0 0 0 0 0 0 0 0 0 0 0 0 0 0 0 0 0 0 0 0 0 0 0 28 28 0 0 28 
889:/opt/homebrew/share/lua/5.4/pl/tablex.lua
0 0 0 0 0 0 0 0 0 0 0 0 0 0 0 0 0 0 0 0 0 28 28 0 0 0 0 0 0 0 0 0 0 0 0 0 0 0 28 0 0 28 0 0 14 0 0 14 0 0 0 0 0 0 0 0 0 0 0 0 0 0 0 0 0 0 0 0 0 0 0 0 0 0 0 0 0 0 0 0 0 0 0 0 0 0 0 0 0 14 14 574 560 14 14 0 0 0 0 0 0 0 0 0 0 0 0 0 0 0 0 0 0 0 0 0 0 0 0 0 0 0 0 0 0 0 0 0 0 0 0 0 0 0 0 0 0 0 0 0 0 0 0 0 0 0 0 0 0 0 0 0 0 0 0 0 0 0 0 0 0 0 0 0 0 0 0 0 0 0 0 0 0 0 0 0 0 0 0 0 0 0 0 0 0 0 0 0 0 0 0 0 0 0 0 0 0 0 0 0 0 0 0 0 0 0 0 0 0 0 0 0 0 0 0 0 0 0 0 0 0 0 0 0 0 0 0 0 0 0 0 0 0 0 0 0 0 0 0 0 0 0 0 0 0 0 0 0 0 0 0 0 0 0 0 0 0 0 0 0 0 0 0 0 0 0 0 0 0 0 0 0 0 0 0 0 0 0 0 0 0 0 0 0 0 0 0 0 0 0 0 0 0 0 0 0 0 0 0 0 0 0 0 0 0 0 0 0 0 0 0 0 0 0 0 0 0 0 0 0 0 0 0 0 0 0 0 0 0 0 0 0 0 0 0 0 0 0 0 0 0 0 0 0 0 0 0 0 0 0 0 0 0 0 0 0 0 0 0 0 0 0 0 0 0 0 0 0 0 0 0 0 0 0 0 0 0 0 0 0 0 0 0 0 0 0 0 0 0 0 0 0 0 0 0 0 0 0 0 0 0 0 0 0 0 0 0 0 0 0 0 0 0 0 0 0 0 0 0 0 0 0 0 0 0 0 0 0 0 0 0 0 0 0 0 0 0 0 0 0 0 0 0 0 0 0 0 0 0 0 0 0 0 0 0 0 0 0 0 0 0 0 0 0 0 0 0 0 0 0 0 0 0 0 0 0 0 0 0 0 0 0 0 0 0 0 0 0 0 0 0 0 0 0 0 0 0 0 0 0 0 0 0 0 0 0 0 0 0 0 0 0 0 0 0 0 0 0 0 0 0 0 0 0 0 0 0 0 0 0 0 0 0 0 0 0 0 0 0 0 0 0 0 0 0 0 0 0 0 0 0 0 0 0 0 0 0 0 0 0 0 0 0 0 0 0 0 0 0 0 0 0 0 0 0 0 0 0 0 0 0 0 0 0 0 0 0 0 0 0 0 0 0 0 0 0 0 0 0 0 0 0 0 0 0 0 0 0 0 0 0 0 0 0 0 0 0 0 0 0 0 0 0 0 0 0 0 0 0 0 0 0 0 0 0 0 0 0 0 0 0 0 0 0 0 0 0 0 0 0 0 0 0 0 0 0 0 0 0 0 0 0 0 0 0 0 0 0 0 0 0 0 0 0 0 0 0 0 0 0 0 0 0 0 0 0 0 0 0 0 0 0 0 0 0 0 0 0 0 0 0 0 0 0 0 0 0 0 0 0 0 0 0 0 0 0 0 0 0 0 0 0 0 0 28 28 28 49 21 21 14 14 0 0 28 0 0 0 0 0 0 0 0 0 0 0 0 0 0 0 0 0 0 0 0 0 0 0 0 0 0 0 0 0 0 0 0 0 0 0 0 0 0 0 0 0 0 0 0 0 0 0 0 0 0 0 0 0 0 0 0 0 0 0 0 0 0 0 0 0 0 0 0 0 0 0 0 0 0 0 0 0 0 0 0 0 0 0 0 0 0 0 0 0 0 0 0 0 0 0 0 0 0 0 0 0 0 0 0 0 0 0 0 0 0 0 0 0 0 0 0 0 0 0 0 0 0 0 0 0 0 0 0 0 0 0 0 0 0 0 0 0 14 14 14 14 0 0 0 14 7 0 0 7 14 7 0 0 14 
115:/opt/homebrew/share/lua/5.4/pl/types.lua
0 0 0 0 0 0 0 0 0 0 0 0 0 0 0 0 0 0 0 0 0 0 0 0 0 0 0 0 0 0 0 0 0 0 0 0 0 0 0 0 0 0 0 0 0 0 0 0 0 0 0 0 0 0 0 0 0 0 0 0 0 0 0 0 0 0 0 0 0 0 0 0 0 0 0 0 0 0 0 0 0 0 0 0 42 0 0 0 0 0 0 0 0 0 0 0 0 0 28 28 0 0 0 0 0 0 0 0 0 0 0 0 0 14 14 
691:/opt/homebrew/share/lua/5.4/pl/utils.lua
0 0 0 0 0 0 0 0 0 0 0 0 0 0 0 0 0 0 0 0 0 0 0 0 0 0 0 0 0 0 0 0 0 0 0 0 0 0 0 0 0 0 0 0 0 0 0 0 0 0 0 0 0 0 0 0 0 0 0 0 0 0 0 0 0 0 0 0 0 0 0 0 0 0 0 0 0 0 0 0 0 0 0 0 0 0 0 0 0 0 0 0 0 0 0 0 0 0 0 0 0 0 0 0 0 0 0 0 0 0 0 0 0 0 0 0 0 0 0 0 0 0 0 0 0 0 0 0 0 0 0 0 0 0 0 0 0 0 0 0 0 0 0 0 0 0 0 0 0 0 0 0 0 0 0 0 0 0 0 0 0 0 0 0 0 0 0 0 0 0 0 0 0 0 0 0 0 0 0 0 0 0 0 0 0 0 0 0 0 0 0 0 0 0 0 0 0 0 0 0 0 0 0 0 0 0 0 0 0 0 0 0 0 0 0 0 0 0 0 0 0 0 0 0 0 0 0 0 0 0 0 0 0 0 0 0 0 0 0 0 0 0 0 0 0 0 0 0 0 0 0 0 0 0 0 0 0 0 0 0 0 0 0 0 0 0 0 0 0 0 0 0 0 0 0 0 0 0 0 0 0 0 0 0 0 0 0 0 0 1036 0 0 1036 0 0 1036 0 0 0 0 0 0 0 0 0 0 0 0 0 0 0 0 0 0 0 0 0 0 0 0 0 0 0 0 0 0 0 0 0 0 0 0 0 0 0 0 0 0 0 0 0 0 0 0 0 0 0 0 0 0 0 0 0 0 0 0 0 0 0 0 0 0 0 0 0 0 0 0 0 0 0 0 0 0 0 0 0 0 0 0 0 0 0 0 0 0 0 0 0 0 0 0 0 0 0 0 0 0 0 0 0 0 0 0 0 0 0 0 0 0 0 0 0 0 0 0 0 0 0 0 0 0 0 0 0 0 0 0 0 0 0 0 0 0 28 28 28 0 0 0 0 0 0 0 0 0 0 0 0 0 0 0 0 0 0 0 0 0 0 0 0 0 0 0 0 0 0 0 0 0 0 0 0 0 980 0 0 0 0 0 0 0 0 0 0 0 0 0 0 0 0 0 0 0 0 0 0 0 0 0 0 0 0 0 0 0 0 0 0 0 0 0 0 0 0 0 0 0 0 0 0 0 0 0 0 0 0 0 0 0 0 0 0 0 0 0 0 0 0 0 0 0 0 0 0 0 0 0 0 0 0 0 0 0 0 0 0 0 0 0 0 0 0 0 0 0 0 0 0 0 0 0 0 0 0 0 0 0 0 0 0 0 0 0 0 0 0 0 0 0 0 0 0 0 0 0 0 0 0 0 0 0 0 0 0 0 0 0 0 0 0 0 0 0 0 0 0 0 0 0 0 0 0 0 0 0 0 0 0 0 0 0 0 0 0 0 0 0 0 0 0 0 0 0 0 0 0 0 0 0 0 0 0 0 0 0 0 0 0 0 0 0 0 0 0 0 0 0 0 0 0 0 0 0 0 0 0 0 0 0 0 0 0 0 0 0 0 0 0 14 14 
52:/opt/homebrew/share/lua/5.4/say/init.lua
0 0 0 0 0 0 0 0 0 0 0 0 0 7 7 0 0 7 0 0 0 0 0 0 0 0 0 133 133 0 0 0 0 208 0 0 208 208 0 208 0 208 0 0 208 208 0 504 296 0 0 208 
39:/opt/homebrew/share/lua/5.4/term/colors.lua
0 0 0 0 0 0 0 0 0 0 0 0 0 0 0 0 0 0 0 0 0 0 0 0 0 0 0 0 0 0 448 0 0 0 448 0 0 0 224 
159:spec/tupelo_spec.lua
0 14 7 0 14 14 7 6 6 13 0 14 7 6 6 13 0 14 7 6 6 13 0 14 7 6 6 13 0 14 7 6 6 13 0 14 7 6 6 13 14 0 14 14 13 18 0 6 0 6 6 0 12 6 6 13 14 0 14 14 13 13 7 0 6 13 0 14 19 7 0 6 0 6 6 13 14 0 14 14 25 7 0 6 13 0 14 43 7 0 6 13 0 14 31 7 0 6 13 14 0 14 14 7 6 0 6 2 2 2 9 0 14 7 6 0 6 6 0 12 6 6 13 0 14 7 6 0 12 0 6 6 9 14 0 14 14 7 6 0 6 2 2 2 9 0 14 7 6 0 6 6 0 12 6 10 9 14 21 
473:src/tupelo/init.lua
7 0 0 0 0 25 0 0 0 0 40 0 0 0 0 28 0 0 0 0 25 0 0 0 0 25 0 0 0 0 25 0 0 0 0 0 0 0 0 83 83 83 83 7 0 0 0 0 0 12 6 0 6 7 0 0 0 0 0 0 0 9 9 7 0 0 0 0 0 9 0 0 30 45 15 30 30 60 30 30 0 30 15 0 15 0 24 9 9 7 0 0 0 0 0 0 0 0 0 9 36 27 9 9 9 7 0 0 0 0 0 0 0 0 0 9 57 48 27 0 9 9 9 7 0 0 0 0 0 0 0 0 0 0 9 42 33 9 9 9 7 0 0 0 0 0 7 0 0 0 0 0 0 0 0 7 0 0 0 0 0 0 14 0 0 7 0 7 7 0 0 0 0 30 7 0 0 0 21 7 0 0 0 0 0 7 7 0 0 0 0 6 7 0 0 0 0 21 15 0 6 0 7 0 0 0 0 9 0 0 9 0 7 0 0 0 0 0 12 6 0 6 0 7 0 0 0 0 0 0 0 0 0 0 0 7 0 0 0 0 0 0 0 0 0 0 7 0 0 0 0 0 0 0 0 0 0 7 0 0 0 0 0 0 0 0 0 0 0 7 0 0 0 0 0 0 0 0 0 0 0 0 0 7 7 0 0 0 0 0 0 14 0 0 7 0 7 7 0 0 0 0 0 12 7 0 0 0 0 0 12 7 0 0 0 0 0 4 7 0 0 0 0 0 4 7 0 0 0 0 0 0 12 10 0 2 0 7 0 0 0 0 0 0 6 6 0 0 0 7 0 0 0 0 0 0 0 0 0 0 0 7 0 0 0 0 0 0 0 0 0 0 0 7 0 0 0 0 0 0 0 0 0 0 0 7 0 0 0 0 0 0 0 0 0 0 0 7 0 0 0 0 0 0 0 0 0 0 0 0 7 0 0 0 0 0 0 0 0 0 0 0 0 0 7 0 7 0 0 7 7 7 7 7 7 7 7 7 0 4 0 0 0 3 3 3 0 0 3 0 3 3 0 6 3 0 0 12 3 0 15 3 0 12 3 0 0 3 3 3 3 0 2 
